2024-07-30 20:23:24 INFO  Log:11 - =startTestCase====================================loginTest TEST START========================================startTestCase=
2024-07-30 20:23:24 INFO  Log:22 - user is going to click on SignIn
2024-07-30 20:23:25 INFO  Log:22 - Enter Username and Password
2024-07-30 20:23:27 INFO  Log:22 - Verifying if user is able to login
2024-07-30 20:23:27 INFO  Log:22 - Login is Sucess
2024-07-30 20:23:27 INFO  Log:15 - =End_TestCase====================================loginTest TEST END========================================End_TestCase=
2024-07-30 22:46:15 INFO  Log:11 - =startTestCase====================================loginTest TEST START========================================startTestCase=
2024-07-30 22:46:15 INFO  Log:22 - user is going to click on SignIn
2024-07-30 22:46:16 INFO  Log:22 - Enter Username and Password
2024-07-30 22:46:17 INFO  Log:22 - Verifying if user is able to login
2024-07-30 22:49:11 INFO  Log:11 - =startTestCase====================================loginTest TEST START========================================startTestCase=
2024-07-30 22:49:11 INFO  Log:22 - user is going to click on SignIn
2024-07-30 22:49:12 INFO  Log:22 - Enter Username and Password
2024-07-30 22:49:22 INFO  Log:22 - Verifying if user is able to login
2024-07-30 22:50:56 INFO  Log:11 - =startTestCase====================================loginTest TEST START========================================startTestCase=
2024-07-30 22:50:56 INFO  Log:22 - user is going to click on SignIn
2024-07-30 22:50:57 INFO  Log:22 - Enter Username and Password
2024-07-30 22:51:07 INFO  Log:22 - Verifying if user is able to login
2024-07-30 22:53:29 INFO  Log:11 - =startTestCase====================================loginTest TEST START========================================startTestCase=
2024-07-30 22:53:29 INFO  Log:22 - user is going to click on SignIn
2024-07-30 22:53:30 INFO  Log:22 - Enter Username and Password
2024-07-30 22:53:40 INFO  Log:22 - Verifying if user is able to login
2024-07-30 22:55:41 INFO  Log:11 - =startTestCase====================================loginTest TEST START========================================startTestCase=
2024-07-30 22:55:41 INFO  Log:22 - user is going to click on SignIn
2024-07-30 22:55:43 INFO  Log:22 - Enter Username and Password
2024-07-30 22:55:54 INFO  Log:22 - Verifying if user is able to login
2024-07-30 23:02:21 INFO  Log:11 - =startTestCase====================================loginTest TEST START========================================startTestCase=
2024-07-30 23:02:21 INFO  Log:22 - user is going to click on SignIn
2024-07-30 23:02:22 INFO  Log:22 - Enter Username and Password
2024-07-31 15:33:32 INFO  Log:11 - =startTestCase====================================loginTest TEST START========================================startTestCase=
2024-07-31 15:33:32 INFO  Log:22 - user is going to click on SignIn
2024-07-31 15:33:34 INFO  Log:22 - Enter Username and Password
2024-07-31 15:33:36 INFO  Log:22 - Verifying if user is able to login
2024-07-31 15:33:36 INFO  Log:22 - Login is Sucess
2024-07-31 15:33:36 INFO  Log:15 - =End_TestCase====================================loginTest TEST END========================================End_TestCase=
2024-07-31 15:36:27 INFO  Log:11 - =startTestCase====================================loginTest TEST START========================================startTestCase=
2024-07-31 15:36:27 INFO  Log:22 - user is going to click on SignIn
2024-07-31 15:36:28 INFO  Log:22 - Enter Username and Password
2024-07-31 15:36:30 INFO  Log:22 - Verifying if user is able to login
2024-07-31 15:36:30 INFO  Log:22 - Login is Sucess
2024-07-31 15:36:30 INFO  Log:15 - =End_TestCase====================================loginTest TEST END========================================End_TestCase=
2024-07-31 15:42:13 INFO  Log:11 - =startTestCase====================================loginTest TEST START========================================startTestCase=
2024-07-31 15:42:13 INFO  Log:22 - user is going to click on SignIn
2024-07-31 15:42:14 INFO  Log:22 - Enter Username and Password
2024-07-31 15:42:16 INFO  Log:22 - Verifying if user is able to login
2024-07-31 15:42:16 INFO  Log:22 - Login is Sucess
2024-07-31 15:42:16 INFO  Log:15 - =End_TestCase====================================loginTest TEST END========================================End_TestCase=
2024-07-31 15:47:14 INFO  Log:11 - =startTestCase====================================loginTest TEST START========================================startTestCase=
2024-07-31 15:47:14 INFO  Log:22 - user is going to click on SignIn
2024-07-31 15:47:15 INFO  Log:22 - Enter Username and Password
2024-07-31 15:47:17 INFO  Log:22 - Verifying if user is able to login
2024-07-31 15:47:17 INFO  Log:22 - Login is Sucess
2024-07-31 15:47:17 INFO  Log:15 - =End_TestCase====================================loginTest TEST END========================================End_TestCase=
2024-07-31 16:45:06 INFO  Log:11 - =startTestCase====================================loginTest TEST START========================================startTestCase=
2024-07-31 16:45:06 INFO  Log:22 - user is going to click on SignIn
2024-07-31 16:45:06 INFO  Log:22 - Enter Username and Password
2024-07-31 16:45:08 INFO  Log:22 - Verifying if user is able to login
2024-07-31 17:10:35 INFO  Log:11 - =startTestCase====================================loginTest TEST START========================================startTestCase=
2024-07-31 17:10:35 INFO  Log:22 - user is going to click on SignIn
2024-07-31 17:10:37 INFO  Log:22 - Enter Username and Password
2024-07-31 17:10:38 INFO  Log:22 - Verifying if user is able to login
2024-07-31 17:10:38 INFO  Log:22 - Login is Sucess
2024-07-31 17:10:38 INFO  Log:15 - =End_TestCase====================================loginTest TEST END========================================End_TestCase=
2024-07-31 17:16:21 INFO  Log:11 - =startTestCase====================================loginTest TEST START========================================startTestCase=
2024-07-31 17:16:21 INFO  Log:22 - user is going to click on SignIn
2024-07-31 17:16:21 INFO  Log:22 - Enter Username and Password
2024-07-31 17:18:31 INFO  Log:22 - Verifying if user is able to login
2024-07-31 18:37:12 INFO  Log:11 - =startTestCase====================================loginTest TEST START========================================startTestCase=
2024-07-31 18:37:12 INFO  Log:22 - user is going to click on SignIn
2024-07-31 18:37:51 INFO  Log:11 - =startTestCase====================================loginTest TEST START========================================startTestCase=
2024-07-31 18:37:51 INFO  Log:22 - user is going to click on SignIn
2024-07-31 18:37:51 INFO  Log:22 - Enter Username and Password
2024-07-31 18:37:53 INFO  Log:22 - Verifying if user is able to login
2024-07-31 19:03:12 INFO  Log:11 - =startTestCase====================================loginTest TEST START========================================startTestCase=
2024-07-31 19:03:12 INFO  Log:22 - user is going to click on SignIn
2024-07-31 19:03:13 INFO  Log:22 - Enter Username and Password
2024-07-31 19:03:15 INFO  Log:22 - Verifying if user is able to login
2024-07-31 19:03:15 INFO  Log:22 - Login is Sucess
2024-07-31 19:03:15 INFO  Log:15 - =End_TestCase====================================loginTest TEST END========================================End_TestCase=
2024-07-31 19:06:07 INFO  Log:11 - =startTestCase====================================loginTest TEST START========================================startTestCase=
2024-07-31 19:06:07 INFO  Log:22 - user is going to click on SignIn
2024-07-31 19:06:08 INFO  Log:22 - Enter Username and Password
2024-07-31 19:06:10 INFO  Log:22 - Verifying if user is able to login
2024-07-31 19:06:10 INFO  Log:22 - Login is Sucess
2024-07-31 19:06:10 INFO  Log:15 - =End_TestCase====================================loginTest TEST END========================================End_TestCase=
2024-07-31 19:07:06 INFO  Log:11 - =startTestCase====================================loginTest TEST START========================================startTestCase=
2024-07-31 19:07:06 INFO  Log:22 - user is going to click on SignIn
2024-07-31 19:07:07 INFO  Log:22 - Enter Username and Password
2024-07-31 19:07:08 INFO  Log:22 - Verifying if user is able to login
2024-07-31 19:07:08 INFO  Log:22 - Login is Sucess
2024-07-31 19:07:08 INFO  Log:15 - =End_TestCase====================================loginTest TEST END========================================End_TestCase=
2024-07-31 19:07:32 INFO  Log:11 - =startTestCase====================================loginTest TEST START========================================startTestCase=
2024-07-31 19:07:32 INFO  Log:22 - user is going to click on SignIn
2024-07-31 19:07:32 INFO  Log:22 - Enter Username and Password
2024-07-31 19:07:33 INFO  Log:22 - Verifying if user is able to login
2024-07-31 19:07:57 INFO  Log:11 - =startTestCase====================================loginTest TEST START========================================startTestCase=
2024-07-31 19:07:57 INFO  Log:22 - user is going to click on SignIn
2024-07-31 19:14:12 INFO  Log:11 - =startTestCase====================================loginTest TEST START========================================startTestCase=
2024-07-31 19:14:12 INFO  Log:22 - user is going to click on SignIn
2024-07-31 19:14:14 INFO  Log:11 - =startTestCase====================================loginTest TEST START========================================startTestCase=
2024-07-31 19:14:14 INFO  Log:22 - user is going to click on SignIn
2024-07-31 19:14:15 INFO  Log:22 - Enter Username and Password
2024-07-31 19:14:17 INFO  Log:22 - Verifying if user is able to login
2024-07-31 19:14:17 INFO  Log:22 - Login is Sucess
2024-07-31 19:14:17 INFO  Log:15 - =End_TestCase====================================loginTest TEST END========================================End_TestCase=
2024-07-31 19:14:17 INFO  Log:11 - =startTestCase====================================loginTest TEST START========================================startTestCase=
2024-07-31 19:14:17 INFO  Log:22 - user is going to click on SignIn
2024-07-31 19:14:17 INFO  Log:22 - Enter Username and Password
2024-07-31 19:14:20 INFO  Log:22 - Verifying if user is able to login
2024-07-31 19:18:22 INFO  Log:11 - =startTestCase====================================loginTest TEST START========================================startTestCase=
2024-07-31 19:18:22 INFO  Log:22 - user is going to click on SignIn
2024-07-31 19:18:25 INFO  Log:11 - =startTestCase====================================loginTest TEST START========================================startTestCase=
2024-07-31 19:18:25 INFO  Log:22 - user is going to click on SignIn
2024-07-31 19:18:26 INFO  Log:22 - Enter Username and Password
2024-07-31 19:18:27 INFO  Log:11 - =startTestCase====================================loginTest TEST START========================================startTestCase=
2024-07-31 19:18:27 INFO  Log:22 - user is going to click on SignIn
2024-07-31 19:18:28 INFO  Log:22 - Enter Username and Password
2024-07-31 19:18:28 INFO  Log:22 - Verifying if user is able to login
2024-07-31 19:18:28 INFO  Log:22 - Login is Sucess
2024-07-31 19:18:28 INFO  Log:15 - =End_TestCase====================================loginTest TEST END========================================End_TestCase=
2024-07-31 19:18:29 INFO  Log:22 - Verifying if user is able to login
2024-07-31 19:30:07 INFO  Log:11 - =startTestCase====================================loginTest TEST START========================================startTestCase=
2024-07-31 19:30:07 INFO  Log:22 - user is going to click on SignIn
2024-07-31 19:30:08 INFO  Log:22 - Enter Username and Password
2024-07-31 19:30:10 INFO  Log:22 - Verifying if user is able to login
2024-07-31 19:30:10 INFO  Log:22 - Login is Sucess
2024-07-31 19:30:10 INFO  Log:15 - =End_TestCase====================================loginTest TEST END========================================End_TestCase=
2024-07-31 22:15:25 INFO  Log:11 - =startTestCase====================================loginTest TEST START========================================startTestCase=
2024-07-31 22:15:25 INFO  Log:22 - user is going to click on SignIn
2024-07-31 22:15:27 INFO  Log:22 - Enter Username and Password
2024-07-31 22:15:29 INFO  Log:22 - Verifying if user is able to login
2024-07-31 22:15:29 INFO  Log:22 - Login is Sucess
2024-07-31 22:15:29 INFO  Log:15 - =End_TestCase====================================loginTest TEST END========================================End_TestCase=
2024-07-31 22:16:22 INFO  Log:11 - =startTestCase====================================loginTest TEST START========================================startTestCase=
2024-07-31 22:16:22 INFO  Log:22 - user is going to click on SignIn
2024-07-31 22:16:24 INFO  Log:22 - Enter Username and Password
2024-07-31 22:16:25 INFO  Log:22 - Verifying if user is able to login
2024-07-31 22:16:25 INFO  Log:22 - Login is Sucess
2024-07-31 22:16:25 INFO  Log:15 - =End_TestCase====================================loginTest TEST END========================================End_TestCase=
2024-07-31 22:16:51 INFO  Log:11 - =startTestCase====================================loginTest TEST START========================================startTestCase=
2024-07-31 22:16:51 INFO  Log:22 - user is going to click on SignIn
2024-07-31 22:16:51 INFO  Log:22 - Enter Username and Password
2024-07-31 22:16:53 INFO  Log:22 - Verifying if user is able to login
2024-07-31 22:17:21 INFO  Log:11 - =startTestCase====================================loginTest TEST START========================================startTestCase=
2024-07-31 22:17:21 INFO  Log:22 - user is going to click on SignIn
2024-07-31 22:18:46 INFO  Log:11 - =startTestCase====================================loginTest TEST START========================================startTestCase=
2024-07-31 22:18:46 INFO  Log:22 - user is going to click on SignIn
2024-07-31 22:18:48 INFO  Log:11 - =startTestCase====================================loginTest TEST START========================================startTestCase=
2024-07-31 22:18:48 INFO  Log:22 - user is going to click on SignIn
2024-07-31 22:18:49 INFO  Log:22 - Enter Username and Password
2024-07-31 22:18:51 INFO  Log:22 - Verifying if user is able to login
2024-07-31 22:18:51 INFO  Log:22 - Login is Sucess
2024-07-31 22:18:51 INFO  Log:15 - =End_TestCase====================================loginTest TEST END========================================End_TestCase=
2024-07-31 22:18:53 INFO  Log:11 - =startTestCase====================================loginTest TEST START========================================startTestCase=
2024-07-31 22:18:53 INFO  Log:22 - user is going to click on SignIn
2024-07-31 22:18:53 INFO  Log:22 - Enter Username and Password
2024-07-31 22:18:55 INFO  Log:22 - Verifying if user is able to login
2024-08-01 10:44:25 INFO  Log:11 - =startTestCase====================================loginTest TEST START========================================startTestCase=
2024-08-01 10:44:25 INFO  Log:22 - user is going to click on SignIn
2024-08-01 10:44:55 INFO  Log:11 - =startTestCase====================================loginTest TEST START========================================startTestCase=
2024-08-01 10:44:55 INFO  Log:22 - user is going to click on SignIn
2024-08-01 11:11:56 INFO  Log:11 - =startTestCase====================================loginTest TEST START========================================startTestCase=
2024-08-01 11:11:56 INFO  Log:22 - user is going to click on SignIn
2024-08-01 11:11:58 INFO  Log:22 - Enter Username and Password
2024-08-01 11:12:00 INFO  Log:22 - Verifying if user is able to login
2024-08-01 11:12:00 INFO  Log:22 - Login is Sucess
2024-08-01 11:12:00 INFO  Log:15 - =End_TestCase====================================loginTest TEST END========================================End_TestCase=
2024-08-01 11:12:29 DEBUG cache:45 - Couldn't find template in cache for "v3html/v3-html-index.ftl"("en", UTF-8, parsed); will try to load it.
2024-08-01 11:12:29 DEBUG cache:45 - TemplateLoader.findTemplateSource("v3html/v3-html-index_en.ftl"): Not found
2024-08-01 11:12:29 DEBUG cache:45 - TemplateLoader.findTemplateSource("v3html/v3-html-index.ftl"): Found
2024-08-01 11:12:29 DEBUG cache:45 - Loading template for "v3html/v3-html-index.ftl"("en", UTF-8, parsed) from "jar:file:/C:/Users/kamal.bisht/.m2/repository/com/aventstack/extentreports/4.0.9/extentreports-4.0.9.jar!/com/aventstack/extentreports/view/v3html/v3-html-index.ftl"
2024-08-01 11:12:30 DEBUG cache:45 - Couldn't find template in cache for "v3html/v3-html-head.ftl"("en", UTF-8, parsed); will try to load it.
2024-08-01 11:12:30 DEBUG cache:45 - TemplateLoader.findTemplateSource("v3html/v3-html-head_en.ftl"): Not found
2024-08-01 11:12:30 DEBUG cache:45 - TemplateLoader.findTemplateSource("v3html/v3-html-head.ftl"): Found
2024-08-01 11:12:30 DEBUG cache:45 - Loading template for "v3html/v3-html-head.ftl"("en", UTF-8, parsed) from "jar:file:/C:/Users/kamal.bisht/.m2/repository/com/aventstack/extentreports/4.0.9/extentreports-4.0.9.jar!/com/aventstack/extentreports/view/v3html/v3-html-head.ftl"
2024-08-01 11:12:30 DEBUG cache:45 - Couldn't find template in cache for "v3html/v3-html-nav.ftl"("en", UTF-8, parsed); will try to load it.
2024-08-01 11:12:30 DEBUG cache:45 - TemplateLoader.findTemplateSource("v3html/v3-html-nav_en.ftl"): Not found
2024-08-01 11:12:30 DEBUG cache:45 - TemplateLoader.findTemplateSource("v3html/v3-html-nav.ftl"): Found
2024-08-01 11:12:30 DEBUG cache:45 - Loading template for "v3html/v3-html-nav.ftl"("en", UTF-8, parsed) from "jar:file:/C:/Users/kamal.bisht/.m2/repository/com/aventstack/extentreports/4.0.9/extentreports-4.0.9.jar!/com/aventstack/extentreports/view/v3html/v3-html-nav.ftl"
2024-08-01 11:12:30 DEBUG cache:45 - Couldn't find template in cache for "v3html/test-view/v3-html-test-view.ftl"("en", UTF-8, parsed); will try to load it.
2024-08-01 11:12:30 DEBUG cache:45 - TemplateLoader.findTemplateSource("v3html/test-view/v3-html-test-view_en.ftl"): Not found
2024-08-01 11:12:30 DEBUG cache:45 - TemplateLoader.findTemplateSource("v3html/test-view/v3-html-test-view.ftl"): Found
2024-08-01 11:12:30 DEBUG cache:45 - Loading template for "v3html/test-view/v3-html-test-view.ftl"("en", UTF-8, parsed) from "jar:file:/C:/Users/kamal.bisht/.m2/repository/com/aventstack/extentreports/4.0.9/extentreports-4.0.9.jar!/com/aventstack/extentreports/view/v3html/test-view/v3-html-test-view.ftl"
2024-08-01 11:12:30 DEBUG cache:45 - Couldn't find template in cache for "v3html/test-view/v3-html-test-view-charts.ftl"("en", UTF-8, parsed); will try to load it.
2024-08-01 11:12:30 DEBUG cache:45 - TemplateLoader.findTemplateSource("v3html/test-view/v3-html-test-view-charts_en.ftl"): Not found
2024-08-01 11:12:30 DEBUG cache:45 - TemplateLoader.findTemplateSource("v3html/test-view/v3-html-test-view-charts.ftl"): Found
2024-08-01 11:12:30 DEBUG cache:45 - Loading template for "v3html/test-view/v3-html-test-view-charts.ftl"("en", UTF-8, parsed) from "jar:file:/C:/Users/kamal.bisht/.m2/repository/com/aventstack/extentreports/4.0.9/extentreports-4.0.9.jar!/com/aventstack/extentreports/view/v3html/test-view/v3-html-test-view-charts.ftl"
2024-08-01 11:12:30 DEBUG cache:45 - Couldn't find template in cache for "v3html/test-view/v3-html-standard.ftl"("en", UTF-8, parsed); will try to load it.
2024-08-01 11:12:30 DEBUG cache:45 - TemplateLoader.findTemplateSource("v3html/test-view/v3-html-standard_en.ftl"): Not found
2024-08-01 11:12:30 DEBUG cache:45 - TemplateLoader.findTemplateSource("v3html/test-view/v3-html-standard.ftl"): Found
2024-08-01 11:12:30 DEBUG cache:45 - Loading template for "v3html/test-view/v3-html-standard.ftl"("en", UTF-8, parsed) from "jar:file:/C:/Users/kamal.bisht/.m2/repository/com/aventstack/extentreports/4.0.9/extentreports-4.0.9.jar!/com/aventstack/extentreports/view/v3html/test-view/v3-html-standard.ftl"
2024-08-01 11:12:30 DEBUG cache:45 - "v3html/test-view/v3-html-standard.ftl"("en", UTF-8, parsed) cached copy not yet stale; using cached.
2024-08-01 11:12:30 DEBUG cache:45 - "v3html/test-view/v3-html-standard.ftl"("en", UTF-8, parsed) cached copy not yet stale; using cached.
2024-08-01 11:12:30 DEBUG cache:45 - "v3html/test-view/v3-html-standard.ftl"("en", UTF-8, parsed) cached copy not yet stale; using cached.
2024-08-01 11:12:30 DEBUG cache:45 - "v3html/test-view/v3-html-standard.ftl"("en", UTF-8, parsed) cached copy not yet stale; using cached.
2024-08-01 11:12:30 DEBUG cache:45 - "v3html/test-view/v3-html-standard.ftl"("en", UTF-8, parsed) cached copy not yet stale; using cached.
2024-08-01 11:12:30 DEBUG cache:45 - Couldn't find template in cache for "v3html/category-view/v3-html-category-view.ftl"("en", UTF-8, parsed); will try to load it.
2024-08-01 11:12:30 DEBUG cache:45 - TemplateLoader.findTemplateSource("v3html/category-view/v3-html-category-view_en.ftl"): Not found
2024-08-01 11:12:30 DEBUG cache:45 - TemplateLoader.findTemplateSource("v3html/category-view/v3-html-category-view.ftl"): Found
2024-08-01 11:12:30 DEBUG cache:45 - Loading template for "v3html/category-view/v3-html-category-view.ftl"("en", UTF-8, parsed) from "jar:file:/C:/Users/kamal.bisht/.m2/repository/com/aventstack/extentreports/4.0.9/extentreports-4.0.9.jar!/com/aventstack/extentreports/view/v3html/category-view/v3-html-category-view.ftl"
2024-08-01 11:12:30 DEBUG cache:45 - Couldn't find template in cache for "v3html/exception-view/v3-html-exception-view.ftl"("en", UTF-8, parsed); will try to load it.
2024-08-01 11:12:30 DEBUG cache:45 - TemplateLoader.findTemplateSource("v3html/exception-view/v3-html-exception-view_en.ftl"): Not found
2024-08-01 11:12:30 DEBUG cache:45 - TemplateLoader.findTemplateSource("v3html/exception-view/v3-html-exception-view.ftl"): Found
2024-08-01 11:12:30 DEBUG cache:45 - Loading template for "v3html/exception-view/v3-html-exception-view.ftl"("en", UTF-8, parsed) from "jar:file:/C:/Users/kamal.bisht/.m2/repository/com/aventstack/extentreports/4.0.9/extentreports-4.0.9.jar!/com/aventstack/extentreports/view/v3html/exception-view/v3-html-exception-view.ftl"
2024-08-01 11:12:30 DEBUG cache:45 - Couldn't find template in cache for "v3html/author-view/v3-html-author-view.ftl"("en", UTF-8, parsed); will try to load it.
2024-08-01 11:12:30 DEBUG cache:45 - TemplateLoader.findTemplateSource("v3html/author-view/v3-html-author-view_en.ftl"): Not found
2024-08-01 11:12:30 DEBUG cache:45 - TemplateLoader.findTemplateSource("v3html/author-view/v3-html-author-view.ftl"): Found
2024-08-01 11:12:30 DEBUG cache:45 - Loading template for "v3html/author-view/v3-html-author-view.ftl"("en", UTF-8, parsed) from "jar:file:/C:/Users/kamal.bisht/.m2/repository/com/aventstack/extentreports/4.0.9/extentreports-4.0.9.jar!/com/aventstack/extentreports/view/v3html/author-view/v3-html-author-view.ftl"
2024-08-01 11:12:30 DEBUG cache:45 - Couldn't find template in cache for "v3html/dashboard-view/v3-html-dashboard-view.ftl"("en", UTF-8, parsed); will try to load it.
2024-08-01 11:12:30 DEBUG cache:45 - TemplateLoader.findTemplateSource("v3html/dashboard-view/v3-html-dashboard-view_en.ftl"): Not found
2024-08-01 11:12:30 DEBUG cache:45 - TemplateLoader.findTemplateSource("v3html/dashboard-view/v3-html-dashboard-view.ftl"): Found
2024-08-01 11:12:30 DEBUG cache:45 - Loading template for "v3html/dashboard-view/v3-html-dashboard-view.ftl"("en", UTF-8, parsed) from "jar:file:/C:/Users/kamal.bisht/.m2/repository/com/aventstack/extentreports/4.0.9/extentreports-4.0.9.jar!/com/aventstack/extentreports/view/v3html/dashboard-view/v3-html-dashboard-view.ftl"
2024-08-01 11:12:30 DEBUG cache:45 - Couldn't find template in cache for "v3html/logs-view/v3-html-testrunner-logs-view.ftl"("en", UTF-8, parsed); will try to load it.
2024-08-01 11:12:30 DEBUG cache:45 - TemplateLoader.findTemplateSource("v3html/logs-view/v3-html-testrunner-logs-view_en.ftl"): Not found
2024-08-01 11:12:30 DEBUG cache:45 - TemplateLoader.findTemplateSource("v3html/logs-view/v3-html-testrunner-logs-view.ftl"): Found
2024-08-01 11:12:30 DEBUG cache:45 - Loading template for "v3html/logs-view/v3-html-testrunner-logs-view.ftl"("en", UTF-8, parsed) from "jar:file:/C:/Users/kamal.bisht/.m2/repository/com/aventstack/extentreports/4.0.9/extentreports-4.0.9.jar!/com/aventstack/extentreports/view/v3html/logs-view/v3-html-testrunner-logs-view.ftl"
